<?xml version="1.0" encoding="UTF-8"?>
<!-- Generated by org.testng.reporters.JUnitReportReporter -->
<testsuite hostname="LAPTOP-ASU4V48N" failures="0" tests="2" name="Demoprogs.TestClass" time="0.000" errors="0" timestamp="2021-09-24T04:38:13 IST" skipped="0">
  <testcase classname="Demoprogs.TestClass" name="testCase1" time="0.000"/>
  <system-out/>
  <testcase classname="Demoprogs.TestClass" name="testCase2" time="0.000"/>
  <system-out/>
</testsuite> <!-- Demoprogs.TestClass -->
